Current directory: /var/lib/condor/execute/slot1/dir_2777709
Copying Conda environment from /staging...
Setting up Conda environment...
Activating Conda environment...
Environment activated. Current PATH: /var/lib/condor/execute/slot1/dir_2777709/rico-analysis/bin:/usr/local/bin:/usr/bin
Python 3.8.20
Python not found after activation. Manually adding to PATH.
Updated PATH: rico-analysis/bin:/var/lib/condor/execute/slot1/dir_2777709/rico-analysis/bin:/usr/local/bin:/usr/bin
/var/lib/condor/execute/slot1/dir_2777709/rico-analysis/bin/python
Copying dataset files from /staging...
Extracting dataset files...
Archive:  ui_layout_vectors.zip
   creating: combined/ui_layout_vectors/
  inflating: combined/ui_layout_vectors/README.txt  
   creating: combined/__MACOSX/
   creating: combined/__MACOSX/ui_layout_vectors/
  inflating: combined/__MACOSX/ui_layout_vectors/._README.txt  
  inflating: combined/ui_layout_vectors/ui_names.json  
  inflating: combined/ui_layout_vectors/ui_vectors.npy  
Removing compressed files to free up space...
Listing contents of the combined directory...
total 4136
drwxr-xr-x    6 wshao33 wshao33    4096 Oct 16 10:16 .
drwx------    7 wshao33 wshao33    4096 Oct 16 10:16 ..
drwxrwxr-x    3 wshao33 wshao33    4096 Sep  6  2017 __MACOSX
drwxr-xr-x    2 wshao33 wshao33 3723264 Mar  1  2019 combined
drwxr-xr-x 9386 wshao33 wshao33  491520 Jul 25  2019 filtered_traces
drwxr-xr-x    2 wshao33 wshao33    4096 Sep  6  2017 ui_layout_vectors
Running the RICO analysis script...
Data loaded. Number of UI samples: 66261
Loading and processing images...
Loaded 66261 images successfully.
Loading the ResNet50 model...
Starting training...
Epoch 1/10 - Training loss: 0.2969
Epoch 1/10 - Validation AUC: 0.8741 - Validation AUPRC: 0.5848
Best model updated with AUC: 0.8741 and AUPRC: 0.5848
Epoch 2/10 - Training loss: 0.0829
Epoch 2/10 - Validation AUC: 0.8883 - Validation AUPRC: 0.6097
Best model updated with AUC: 0.8883 and AUPRC: 0.6097
Epoch 3/10 - Training loss: 0.0519
Epoch 3/10 - Validation AUC: 0.8720 - Validation AUPRC: 0.5948
Epoch 4/10 - Training loss: 0.0405
Epoch 4/10 - Validation AUC: 0.9008 - Validation AUPRC: 0.6519
Best model updated with AUC: 0.9008 and AUPRC: 0.6519
Epoch 5/10 - Training loss: 0.0319
Epoch 5/10 - Validation AUC: 0.9017 - Validation AUPRC: 0.6436
Best model updated with AUC: 0.9017 and AUPRC: 0.6519
Epoch 6/10 - Training loss: 0.0289
Epoch 6/10 - Validation AUC: 0.8994 - Validation AUPRC: 0.6589
Best model updated with AUC: 0.9017 and AUPRC: 0.6589
Epoch 7/10 - Training loss: 0.0235
Epoch 7/10 - Validation AUC: 0.8985 - Validation AUPRC: 0.6613
Best model updated with AUC: 0.9017 and AUPRC: 0.6613
Epoch 8/10 - Training loss: 0.0218
Epoch 8/10 - Validation AUC: 0.9007 - Validation AUPRC: 0.6459
Epoch 9/10 - Training loss: 0.0201
Epoch 9/10 - Validation AUC: 0.9019 - Validation AUPRC: 0.6611
Best model updated with AUC: 0.9019 and AUPRC: 0.6613
Epoch 10/10 - Training loss: 0.0179
Epoch 10/10 - Validation AUC: 0.9019 - Validation AUPRC: 0.6817
Best model updated with AUC: 0.9019 and AUPRC: 0.6817
Best model saved with AUC: 0.9019 and AUPRC: 0.6817
Generating calibration plot...
Cleaning up extracted files...
Deactivating environment and cleanup...
Environment deactivated and cleaned up.
